<?xml version="1.0" encoding="UTF-8"?>
<!-- Generated by org.testng.reporters.JUnitReportReporter -->
<testsuite hostname="DESKTOP-US9O7O0" failures="0" tests="2" name="WebScrappingTest" time="13.273" errors="0" timestamp="2023-02-27T13:42:52 CST" skipped="0">
  <testcase classname="WebScrappingTest" name="webScrapeTest" time="3.842"/>
  <system-out/>
  <testcase classname="WebScrappingTest" name="webScrapeTest" time="9.431"/>
  <system-out/>
</testsuite> <!-- WebScrappingTest -->
